0 info it worked if it ends with ok
1 verbose cli [ 'node', '/usr/local/bin/npm', 'install', '-g', 'bobower' ]
2 info using npm@1.4.9
3 info using node@v0.10.28
4 verbose cache add [ 'bobower', null ]
5 verbose cache add name=undefined spec="bobower" args=["bobower",null]
6 verbose parsed url { protocol: null,
6 verbose parsed url   slashes: null,
6 verbose parsed url   auth: null,
6 verbose parsed url   host: null,
6 verbose parsed url   port: null,
6 verbose parsed url   hostname: null,
6 verbose parsed url   hash: null,
6 verbose parsed url   search: null,
6 verbose parsed url   query: null,
6 verbose parsed url   pathname: 'bobower',
6 verbose parsed url   path: 'bobower',
6 verbose parsed url   href: 'bobower' }
7 silly lockFile 7e30b5b4-bobower bobower
8 verbose lock bobower /Users/franciscoperez/.npm/7e30b5b4-bobower.lock
9 silly lockFile 7e30b5b4-bobower bobower
10 silly lockFile 7e30b5b4-bobower bobower
11 verbose addNamed [ 'bobower', '' ]
12 verbose addNamed [ null, '*' ]
13 silly lockFile 073cda6d-bobower bobower@
14 verbose lock bobower@ /Users/franciscoperez/.npm/073cda6d-bobower.lock
15 silly addNameRange { name: 'bobower', range: '*', hasData: false }
16 verbose url raw bobower
17 verbose url resolving [ 'https://registry.npmjs.org/', './bobower' ]
18 verbose url resolved https://registry.npmjs.org/bobower
19 info trying registry request attempt 1 at 06:36:57
20 http GET https://registry.npmjs.org/bobower
21 http 404 https://registry.npmjs.org/bobower
22 verbose headers { date: 'Tue, 03 Feb 2015 10:33:58 GMT',
22 verbose headers   server: 'CouchDB/1.5.0 (Erlang OTP/R16B03)',
22 verbose headers   'content-type': 'application/json',
22 verbose headers   'cache-control': 'max-age=0',
22 verbose headers   'content-length': '52',
22 verbose headers   'accept-ranges': 'bytes',
22 verbose headers   via: '1.1 varnish',
22 verbose headers   age: '0',
22 verbose headers   'x-served-by': 'cache-atl6222-ATL',
22 verbose headers   'x-cache': 'MISS',
22 verbose headers   'x-cache-hits': '0',
22 verbose headers   'x-timer': 'S1422959638.199869,VS0,VE108',
22 verbose headers   'keep-alive': 'timeout=10, max=50',
22 verbose headers   connection: 'Keep-Alive' }
23 silly registry.get cb [ 404,
23 silly registry.get   { date: 'Tue, 03 Feb 2015 10:33:58 GMT',
23 silly registry.get     server: 'CouchDB/1.5.0 (Erlang OTP/R16B03)',
23 silly registry.get     'content-type': 'application/json',
23 silly registry.get     'cache-control': 'max-age=0',
23 silly registry.get     'content-length': '52',
23 silly registry.get     'accept-ranges': 'bytes',
23 silly registry.get     via: '1.1 varnish',
23 silly registry.get     age: '0',
23 silly registry.get     'x-served-by': 'cache-atl6222-ATL',
23 silly registry.get     'x-cache': 'MISS',
23 silly registry.get     'x-cache-hits': '0',
23 silly registry.get     'x-timer': 'S1422959638.199869,VS0,VE108',
23 silly registry.get     'keep-alive': 'timeout=10, max=50',
23 silly registry.get     connection: 'Keep-Alive' } ]
24 silly lockFile 073cda6d-bobower bobower@
25 silly lockFile 073cda6d-bobower bobower@
26 error 404 404 Not Found: bobower
26 error 404
26 error 404 'bobower' is not in the npm registry.
26 error 404 You should bug the author to publish it
26 error 404
26 error 404 Note that you can also install from a
26 error 404 tarball, folder, or http url, or git url.
27 error System Darwin 14.1.0
28 error command "node" "/usr/local/bin/npm" "install" "-g" "bobower"
29 error cwd /Users/franciscoperez/Documents/github/BromasTelefonicas
30 error node -v v0.10.28
31 error npm -v 1.4.9
32 error code E404
33 verbose exit [ 1, true ]
